[debug] [2019-06-20T13:37:16.584Z] ----------------------------------------------------------------------
[debug] [2019-06-20T13:37:16.588Z] Command:       /usr/local/Cellar/node/9.11.1/bin/node /usr/local/bin/firebase deploy
[debug] [2019-06-20T13:37:16.588Z] CLI Version:   4.1.1
[debug] [2019-06-20T13:37:16.588Z] Platform:      darwin
[debug] [2019-06-20T13:37:16.588Z] Node Version:  v9.11.1
[debug] [2019-06-20T13:37:16.588Z] Time:          Thu Jun 20 2019 20:37:16 GMT+0700 (WIB)
[debug] [2019-06-20T13:37:16.588Z] ----------------------------------------------------------------------
[debug] 
[debug] [2019-06-20T13:37:16.607Z] > command requires scopes: ["email","openid","https://www.googleapis.com/auth/cloudplatformprojects.readonly","https://www.googleapis.com/auth/firebase","https://www.googleapis.com/auth/cloud-platform"]
[debug] [2019-06-20T13:37:16.607Z] > authorizing via signed-in user
[debug] [2019-06-20T13:37:16.610Z] >>> HTTP REQUEST GET https://admin.firebase.com/v1/projects/politiq-fc0e3  
 
[debug] [2019-06-20T13:37:20.314Z] <<< HTTP RESPONSE 200
[debug] [2019-06-20T13:37:20.315Z] >>> HTTP REQUEST GET https://admin.firebase.com/v1/database/politiq-fc0e3/tokens  
 
[debug] [2019-06-20T13:37:23.460Z] <<< HTTP RESPONSE 200
[info] 
[info] === Deploying to 'politiq-fc0e3'...
[info] 
[info] i  deploying database, storage, hosting
[info] i  database: checking rules syntax...
[debug] [2019-06-20T13:37:27.492Z] >>> HTTP REQUEST PUT https://politiq-fc0e3.firebaseio.com/.settings/rules.json?dryRun=true  
 {
  "rules": {
    "quizzes": {
      ".read": true,
      ".write": "auth!= null"
    },
    "subscriptions": {
      ".read": true,
      ".write": true,
    },
    ".read": "auth != null",
    ".write": "auth != null"
  }
}
[debug] [2019-06-20T13:37:30.912Z] <<< HTTP RESPONSE 200
[info] ✔  database: rules syntax for database politiq-fc0e3 is valid
[debug] [2019-06-20T13:37:30.914Z] >>> HTTP REQUEST GET https://appengine.googleapis.com/v1/apps/politiq-fc0e3  
 
[debug] [2019-06-20T13:37:34.950Z] <<< HTTP RESPONSE 200
[info] i  storage: checking storage.rules for compilation errors...
[debug] [2019-06-20T13:37:34.954Z] >>> HTTP REQUEST POST https://firebaserules.googleapis.com/v1/projects/politiq-fc0e3:test  

[debug] [2019-06-20T13:37:38.709Z] <<< HTTP RESPONSE 200
[info] ✔  storage: rules file storage.rules compiled successfully
[debug] [2019-06-20T13:37:38.712Z] >>> HTTP REQUEST POST https://firebasehosting.googleapis.com/v1beta1/sites/politiq-fc0e3/versions  

[debug] [2019-06-20T13:37:42.937Z] <<< HTTP RESPONSE 200
[info] i  storage: uploading rules storage.rules...
[debug] [2019-06-20T13:37:42.939Z] >>> HTTP REQUEST POST https://firebaserules.googleapis.com/v1/projects/politiq-fc0e3/rulesets  

[debug] [2019-06-20T13:37:46.182Z] <<< HTTP RESPONSE 200
[debug] [2019-06-20T13:37:46.182Z] [rules] created ruleset projects/politiq-fc0e3/rulesets/bfdf04ee-0c8d-43bb-b670-1b2255a12366
[info] i  hosting: found 15 files in public directory
[debug] [2019-06-20T13:37:46.218Z] [hosting] hash cache [0] stored for 15 files
[debug] [2019-06-20T13:37:46.219Z] [hosting][hash queue][FINAL]
[debug] [2019-06-20T13:37:46.219Z] >>> HTTP REQUEST POST https://firebasehosting.googleapis.com/v1beta1/sites/politiq-fc0e3/versions/3b5a0db0d44f894a:populateFiles  
 <request body omitted>
[debug] [2019-06-20T13:37:50.004Z] <<< HTTP RESPONSE 200
[debug] [2019-06-20T13:37:50.004Z] [hosting][populate queue][FINAL]
[debug] [2019-06-20T13:37:50.004Z] [hosting] uploads queued: 0
[debug] [2019-06-20T13:37:50.005Z] [hosting][upload queue][FINAL]
[info] ✔  hosting: file upload complete
[debug] [2019-06-20T13:37:50.006Z] [hosting] deploy completed after 3823ms
